opencv/sdk/build/intermediates/manifest_merge_blame_file/debug/processDebugManifest/manifest-merger-blame-debug-report.txt
1<?xml version="1.0" encoding="utf-8"?>
2<manifest xmlns:android="http://schemas.android.com/apk/res/android"
3    package="org.opencv" >
4
5    <uses-sdk android:minSdkVersion="26" />
6
7    <application
7-->sdk\java\AndroidManifest.xml:4:7-72
8        android:allowBackup="true"
8-->sdk\java\AndroidManifest.xml:4:20-46
9        android:label="OpenCV" />
9-->sdk\java\AndroidManifest.xml:4:47-69
10
11</manifest>